Determining if the pthread_create exist failed with the following output:
Change Dir: /home/uuchen/git/smartCar/build/CMakeFiles/CMakeTmp

Run Build Command:"/usr/bin/make" "cmTC_1aea8/fast"
/usr/bin/make -f CMakeFiles/cmTC_1aea8.dir/build.make CMakeFiles/cmTC_1aea8.dir/build
make[1]: Entering directory '/home/uuchen/git/smartCar/build/CMakeFiles/CMakeTmp'
Building C object CMakeFiles/cmTC_1aea8.dir/CheckSymbolExists.c.o
/usr/bin/cc    -fPIC    -o CMakeFiles/cmTC_1aea8.dir/CheckSymbolExists.c.o   -c /home/uuchen/git/smartCar/build/CMakeFiles/CMakeTmp/CheckSymbolExists.c
Linking C executable cmTC_1aea8
/usr/bin/cmake -E cmake_link_script CMakeFiles/cmTC_1aea8.dir/link.txt --verbose=1
/usr/bin/cc  -fPIC     CMakeFiles/cmTC_1aea8.dir/CheckSymbolExists.c.o  -o cmTC_1aea8 -rdynamic 
CMakeFiles/cmTC_1aea8.dir/CheckSymbolExists.c.o：在函数‘main’中：
CheckSymbolExists.c:(.text+0x1b)：对‘pthread_create’未定义的引用
collect2: error: ld returned 1 exit status
CMakeFiles/cmTC_1aea8.dir/build.make:97: recipe for target 'cmTC_1aea8' failed
make[1]: *** [cmTC_1aea8] Error 1
make[1]: Leaving directory '/home/uuchen/git/smartCar/build/CMakeFiles/CMakeTmp'
Makefile:126: recipe for target 'cmTC_1aea8/fast' failed
make: *** [cmTC_1aea8/fast] Error 2

File /home/uuchen/git/smartCar/build/CMakeFiles/CMakeTmp/CheckSymbolExists.c:
/* */
#include <pthread.h>

int main(int argc, char** argv)
{
  (void)argv;
#ifndef pthread_create
  return ((int*)(&pthread_create))[argc];
#else
  (void)argc;
  return 0;
#endif
}

Determining if the function pthread_create exists in the pthreads failed with the following output:
Change Dir: /home/uuchen/git/smartCar/build/CMakeFiles/CMakeTmp

Run Build Command:"/usr/bin/make" "cmTC_58c08/fast"
/usr/bin/make -f CMakeFiles/cmTC_58c08.dir/build.make CMakeFiles/cmTC_58c08.dir/build
make[1]: Entering directory '/home/uuchen/git/smartCar/build/CMakeFiles/CMakeTmp'
Building C object CMakeFiles/cmTC_58c08.dir/CheckFunctionExists.c.o
/usr/bin/cc    -fPIC -DCHECK_FUNCTION_EXISTS=pthread_create   -o CMakeFiles/cmTC_58c08.dir/CheckFunctionExists.c.o   -c /usr/share/cmake-3.5/Modules/CheckFunctionExists.c
Linking C executable cmTC_58c08
/usr/bin/cmake -E cmake_link_script CMakeFiles/cmTC_58c08.dir/link.txt --verbose=1
/usr/bin/cc  -fPIC -DCHECK_FUNCTION_EXISTS=pthread_create    CMakeFiles/cmTC_58c08.dir/CheckFunctionExists.c.o  -o cmTC_58c08 -rdynamic -lpthreads 
/usr/bin/ld: 找不到 -lpthreads
collect2: error: ld returned 1 exit status
CMakeFiles/cmTC_58c08.dir/build.make:97: recipe for target 'cmTC_58c08' failed
make[1]: *** [cmTC_58c08] Error 1
make[1]: Leaving directory '/home/uuchen/git/smartCar/build/CMakeFiles/CMakeTmp'
Makefile:126: recipe for target 'cmTC_58c08/fast' failed
make: *** [cmTC_58c08/fast] Error 2


