Determining if the pthread_create exist failed with the following output:
Change Dir: /home/uuchen/git/magicMirror/build/CMakeFiles/CMakeTmp

Run Build Command:"/usr/bin/make" "cmTC_18850/fast"
/usr/bin/make -f CMakeFiles/cmTC_18850.dir/build.make CMakeFiles/cmTC_18850.dir/build
make[1]: Entering directory '/home/uuchen/git/magicMirror/build/CMakeFiles/CMakeTmp'
Building C object CMakeFiles/cmTC_18850.dir/CheckSymbolExists.c.o
/usr/bin/cc    -fPIC    -o CMakeFiles/cmTC_18850.dir/CheckSymbolExists.c.o   -c /home/uuchen/git/magicMirror/build/CMakeFiles/CMakeTmp/CheckSymbolExists.c
Linking C executable cmTC_18850
/usr/bin/cmake -E cmake_link_script CMakeFiles/cmTC_18850.dir/link.txt --verbose=1
/usr/bin/cc  -fPIC     CMakeFiles/cmTC_18850.dir/CheckSymbolExists.c.o  -o cmTC_18850 -rdynamic 
CMakeFiles/cmTC_18850.dir/CheckSymbolExists.c.o：在函数‘main’中：
CheckSymbolExists.c:(.text+0x1b)：对‘pthread_create’未定义的引用
collect2: error: ld returned 1 exit status
CMakeFiles/cmTC_18850.dir/build.make:97: recipe for target 'cmTC_18850' failed
make[1]: *** [cmTC_18850] Error 1
make[1]: Leaving directory '/home/uuchen/git/magicMirror/build/CMakeFiles/CMakeTmp'
Makefile:126: recipe for target 'cmTC_18850/fast' failed
make: *** [cmTC_18850/fast] Error 2

File /home/uuchen/git/magicMirror/build/CMakeFiles/CMakeTmp/CheckSymbolExists.c:
/* */
#include <pthread.h>

int main(int argc, char** argv)
{
  (void)argv;
#ifndef pthread_create
  return ((int*)(&pthread_create))[argc];
#else
  (void)argc;
  return 0;
#endif
}

Determining if the function pthread_create exists in the pthreads failed with the following output:
Change Dir: /home/uuchen/git/magicMirror/build/CMakeFiles/CMakeTmp

Run Build Command:"/usr/bin/make" "cmTC_8b0c1/fast"
/usr/bin/make -f CMakeFiles/cmTC_8b0c1.dir/build.make CMakeFiles/cmTC_8b0c1.dir/build
make[1]: Entering directory '/home/uuchen/git/magicMirror/build/CMakeFiles/CMakeTmp'
Building C object CMakeFiles/cmTC_8b0c1.dir/CheckFunctionExists.c.o
/usr/bin/cc    -fPIC -DCHECK_FUNCTION_EXISTS=pthread_create   -o CMakeFiles/cmTC_8b0c1.dir/CheckFunctionExists.c.o   -c /usr/share/cmake-3.5/Modules/CheckFunctionExists.c
Linking C executable cmTC_8b0c1
/usr/bin/cmake -E cmake_link_script CMakeFiles/cmTC_8b0c1.dir/link.txt --verbose=1
/usr/bin/cc  -fPIC -DCHECK_FUNCTION_EXISTS=pthread_create    CMakeFiles/cmTC_8b0c1.dir/CheckFunctionExists.c.o  -o cmTC_8b0c1 -rdynamic -lpthreads 
/usr/bin/ld: 找不到 -lpthreads
collect2: error: ld returned 1 exit status
CMakeFiles/cmTC_8b0c1.dir/build.make:97: recipe for target 'cmTC_8b0c1' failed
make[1]: *** [cmTC_8b0c1] Error 1
make[1]: Leaving directory '/home/uuchen/git/magicMirror/build/CMakeFiles/CMakeTmp'
Makefile:126: recipe for target 'cmTC_8b0c1/fast' failed
make: *** [cmTC_8b0c1/fast] Error 2


